#
# There is insufficient memory for the Java Runtime Environment to continue.
# Native memory allocation (mmap) failed to map 134217728 bytes for Failed to commit area from 0x0000000080c00000 to 0x0000000088c00000 of length 134217728.
# Possible reasons:
#   The system is out of physical RAM or swap space
#   The process is running with CompressedOops enabled, and the Java Heap may be blocking the growth of the native heap
# Possible solutions:
#   Reduce memory load on the system
#   Increase physical memory or swap space
#   Check if swap backing store is full
#   Decrease Java heap size (-Xmx/-Xms)
#   Decrease number of Java threads
#   Decrease Java thread stack sizes (-Xss)
#   Set larger code cache with -XX:ReservedCodeCacheSize=
# This output file may be truncated or incomplete.
#
#  Out of Memory Error (./src/hotspot/os/windows/os_windows.cpp:3301), pid=14528, tid=23588
#
# JRE version:  (11.0.10+9) (build )
# Java VM: Dynamic Code Evolution 64-Bit Server VM (11.0.10+9-b1341.35, mixed mode, sharing, tiered, compressed oops, g1 gc, windows-amd64)
# No core dump will be written. Minidumps are not enabled by default on client versions of Windows
#

---------------  S U M M A R Y ------------

Command Line: -Djava.rmi.server.hostname=127.0.0.1 -Duser.timezone=UTC -Xmx2036m -Xms128m -Dfile.encoding=UTF-8 com.intellij.database.remote.RemoteJdbcServer com.mysql.cj.jdbc.Driver

Host: Intel(R) Core(TM) i5-4310U CPU @ 2.00GHz, 4 cores, 15G,  Windows 10 , 64 bit Build 18362 (10.0.18362.1500)
Time: Mon May  3 11:37:54 2021 ?rodkowoeuropejski czas letni elapsed time: 0.021259 seconds (0d 0h 0m 0s)

---------------  T H R E A D  ---------------

Current thread (0x0000028e3905b000):  JavaThread "Unknown thread" [_thread_in_vm, id=23588, stack(0x000000a8c1b00000,0x000000a8c1c00000)]

Stack: [0x000000a8c1b00000,0x000000a8c1c00000]
Native frames: (J=compiled Java code, j=interpreted, Vv=VM code, C=native code)
V  [jvm.dll+0x5f84fa]
V  [jvm.dll+0x77e085]
V  [jvm.dll+0x77f5dd]
V  [jvm.dll+0x77fc93]
V  [jvm.dll+0x2457e8]
V  [jvm.dll+0x5f58f4]
V  [jvm.dll+0x5ea975]
V  [jvm.dll+0x30228b]
V  [jvm.dll+0x3021fa]
V  [jvm.dll+0x3020d2]
V  [jvm.dll+0x306fb6]
V  [jvm.dll+0x34f843]
V  [jvm.dll+0x34ff46]
V  [jvm.dll+0x34f943]
V  [jvm.dll+0x2dbcb8]
V  [jvm.dll+0x2dce57]
V  [jvm.dll+0x75c4d7]
V  [jvm.dll+0x75dd6c]
V  [jvm.dll+0x35cdb9]
V  [jvm.dll+0x73fc9e]
V  [jvm.dll+0x3c5663]
V  [jvm.dll+0x3c7a21]
C  [jli.dll+0x5373]
C  [ucrtbase.dll+0x210b2]
C  [KERNEL32.DLL+0x17c24]
C  [ntdll.dll+0x6d721]


---------------  P R O C E S S  ---------------

Threads class SMR info:
_java_thread_list=0x0000028e36e46b00, length=0, elements={
}

Java Threads: ( => current thread )

Other Threads:
  0x0000028e39072800 GCTaskThread "GC Thread#0" [stack: 0x000000a8c1c00000,0x000000a8c1d00000] [id=3784]
  0x0000028e390a5800 ConcurrentGCThread "G1 Main Marker" [stack: 0x000000a8c1d00000,0x000000a8c1e00000] [id=25188]
  0x0000028e390a7000 ConcurrentGCThread "G1 Conc#0" [stack: 0x000000a8c1e00000,0x000000a8c1f00000] [id=7988]

[error occurred during error reporting (printing all threads), id 0xc0000005, EXCEPTION_ACCESS_VIOLATION (0xc0000005) at pc=0x00007ffa074cc437]

VM state:not at safepoint (not fully initialized)

VM Mutex/Monitor currently owned by a thread:  ([mutex/lock_event])
[0x0000028e39059140] Heap_lock - owner thread: 0x0000028e3905b000

Heap address: 0x0000000080c00000, size: 2036 MB, Compressed Oops mode: Non-zero based: 0x0000000080c00000
Narrow klass base: 0x0000000000000000, Narrow klass shift: 0

GC Heap History (0 events):
No events

Deoptimization events (0 events):
No events

Classes redefined (0 events):
No events

Internal exceptions (0 events):
No events

Events (1 events):
Event: 0.012 Loaded shared library C:\Program Files\JetBrains\IntelliJ IDEA 2021.1\jbr\bin\zip.dll


Dynamic libraries:
0x00007ff7aca10000 - 0x00007ff7aca1a000 	C:\Program Files\JetBrains\IntelliJ IDEA 2021.1\jbr\bin\java.exe
0x00007ffa66e40000 - 0x00007ffa67030000 	C:\Windows\SYSTEM32\ntdll.dll
0x00007ffa66650000 - 0x00007ffa66702000 	C:\Windows\System32\KERNEL32.DLL
0x00007ffa64010000 - 0x00007ffa642b5000 	C:\Windows\System32\KERNELBASE.dll
0x00007ffa642c0000 - 0x00007ffa643ba000 	C:\Windows\System32\ucrtbase.dll
0x00007ffa52010000 - 0x00007ffa52027000 	C:\Program Files\JetBrains\IntelliJ IDEA 2021.1\jbr\bin\VCRUNTIME140.dll
0x00007ffa53850000 - 0x00007ffa53869000 	C:\Program Files\JetBrains\IntelliJ IDEA 2021.1\jbr\bin\jli.dll
0x00007ffa65a20000 - 0x00007ffa65bb4000 	C:\Windows\System32\USER32.dll
0x00007ffa643c0000 - 0x00007ffa643e1000 	C:\Windows\System32\win32u.dll
0x00007ffa631e0000 - 0x00007ffa63464000 	C:\Windows\WinSxS\amd64_microsoft.windows.common-controls_6595b64144ccf1df_6.0.18362.1500_none_9e79be6de462295c\COMCTL32.dll
0x00007ffa655a0000 - 0x00007ffa655c6000 	C:\Windows\System32\GDI32.dll
0x00007ffa65920000 - 0x00007ffa659be000 	C:\Windows\System32\msvcrt.dll
0x00007ffa63dd0000 - 0x00007ffa63f68000 	C:\Windows\System32\gdi32full.dll
0x00007ffa655e0000 - 0x00007ffa65916000 	C:\Windows\System32\combase.dll
0x00007ffa63f70000 - 0x00007ffa6400e000 	C:\Windows\System32\msvcp_win.dll
0x00007ffa653e0000 - 0x00007ffa654ff000 	C:\Windows\System32\RPCRT4.dll
0x00007ffa64550000 - 0x00007ffa645d1000 	C:\Windows\System32\bcryptPrimitives.dll
0x00007ffa662d0000 - 0x00007ffa662fe000 	C:\Windows\System32\IMM32.DLL
0x00007ffa26500000 - 0x00007ffa2659d000 	C:\Program Files\JetBrains\IntelliJ IDEA 2021.1\jbr\bin\msvcp140.dll
0x00007ffa071e0000 - 0x00007ffa07d2f000 	C:\Program Files\JetBrains\IntelliJ IDEA 2021.1\jbr\bin\server\jvm.dll
0x00007ffa664b0000 - 0x00007ffa66553000 	C:\Windows\System32\ADVAPI32.dll
0x00007ffa65500000 - 0x00007ffa65597000 	C:\Windows\System32\sechost.dll
0x00007ffa655d0000 - 0x00007ffa655d8000 	C:\Windows\System32\PSAPI.DLL
0x00007ffa4a1d0000 - 0x00007ffa4a1d9000 	C:\Windows\SYSTEM32\WSOCK32.dll
0x00007ffa5f8a0000 - 0x00007ffa5f8c4000 	C:\Windows\SYSTEM32\WINMM.dll
0x00007ffa62740000 - 0x00007ffa6274a000 	C:\Windows\SYSTEM32\VERSION.dll
0x00007ffa660a0000 - 0x00007ffa6610f000 	C:\Windows\System32\WS2_32.dll
0x00007ffa5f860000 - 0x00007ffa5f88d000 	C:\Windows\SYSTEM32\winmmbase.dll
0x00007ffa645e0000 - 0x00007ffa6462a000 	C:\Windows\System32\cfgmgr32.dll
0x00007ffa63d00000 - 0x00007ffa63d11000 	C:\Windows\System32\kernel.appcore.dll
0x00007ffa5e530000 - 0x00007ffa5e541000 	C:\Program Files\JetBrains\IntelliJ IDEA 2021.1\jbr\bin\verify.dll
0x00007ffa63610000 - 0x00007ffa63804000 	C:\Windows\SYSTEM32\DBGHELP.DLL
0x00007ffa63560000 - 0x00007ffa6358a000 	C:\Windows\SYSTEM32\dbgcore.DLL
0x00007ffa5a9e0000 - 0x00007ffa5aa09000 	C:\Program Files\JetBrains\IntelliJ IDEA 2021.1\jbr\bin\java.dll
0x00007ffa5c5a0000 - 0x00007ffa5c5ab000 	C:\Program Files\JetBrains\IntelliJ IDEA 2021.1\jbr\bin\jimage.dll
0x00007ffa5c480000 - 0x00007ffa5c498000 	C:\Program Files\JetBrains\IntelliJ IDEA 2021.1\jbr\bin\zip.dll

dbghelp: loaded successfully - version: 4.0.5 - missing functions: none
symbol engine: initialized successfully - sym options: 0x614 - pdb path: .;C:\Program Files\JetBrains\IntelliJ IDEA 2021.1\jbr\bin;C:\Windows\SYSTEM32;C:\Windows\WinSxS\amd64_microsoft.windows.common-controls_6595b64144ccf1df_6.0.18362.1500_none_9e79be6de462295c;C:\Program Files\JetBrains\IntelliJ IDEA 2021.1\jbr\bin\server

VM Arguments:
jvm_args: -Djava.rmi.server.hostname=127.0.0.1 -Duser.timezone=UTC -Xmx2036m -Xms128m -Dfile.encoding=UTF-8 
java_command: com.intellij.database.remote.RemoteJdbcServer com.mysql.cj.jdbc.Driver
java_class_path (initial): C:\Program Files\JetBrains\IntelliJ IDEA 2021.1\lib\util.jar;C:\Program Files\JetBrains\IntelliJ IDEA 2021.1\lib\trove4j.jar;C:\Program Files\JetBrains\IntelliJ IDEA 2021.1\lib\groovy-2.5.11.jar;C:\Program Files\JetBrains\IntelliJ IDEA 2021.1\plugins\DatabaseTools\lib\jdbc-console.jar;C:\Users\Gaba Wrona\AppData\Roaming\JetBrains\IntelliJIdea2021.1\jdbc-drivers\MySQL ConnectorJ\8.0.21\mysql-connector-java-8.0.21.jar
Launcher Type: SUN_STANDARD

[Global flags]
     intx CICompilerCount                          = 3                                         {product} {ergonomic}
     uint ConcGCThreads                            = 1                                         {product} {ergonomic}
     uint G1ConcRefinementThreads                  = 4                                         {product} {ergonomic}
   size_t G1HeapRegionSize                         = 1048576                                   {product} {ergonomic}
    uintx GCDrainStackTargetSize                   = 64                                        {product} {ergonomic}
   size_t InitialHeapSize                          = 134217728                                 {product} {command line}
   size_t MarkStackSize                            = 4194304                                   {product} {ergonomic}
   size_t MaxHeapSize                              = 2134900736                                {product} {command line}
   size_t MinHeapDeltaBytes                        = 1048576                                   {product} {ergonomic}
    uintx NonNMethodCodeHeapSize                   = 5830732                                {pd product} {ergonomic}
    uintx NonProfiledCodeHeapSize                  = 122913754                              {pd product} {ergonomic}
    uintx ProfiledCodeHeapSize                     = 122913754                              {pd product} {ergonomic}
    uintx ReservedCodeCacheSize                    = 251658240                              {pd product} {ergonomic}
     bool SegmentedCodeCache                       = true                                      {product} {ergonomic}
     bool UseCompressedClassPointers               = true                                 {lp64_product} {ergonomic}
     bool UseCompressedOops                        = true                                 {lp64_product} {ergonomic}
     bool UseG1GC                                  = true                                      {product} {ergonomic}
     bool UseLargePagesIndividualAllocation        = false                                  {pd product} {ergonomic}

Logging:
Log output configuration:
 #0: stdout all=warning uptime,level,tags
 #1: stderr all=off uptime,level,tags

Environment Variables:
JAVA_HOME=C:\Program Files\Java\jdk-16
PATH=C:\Program Files\Common Files\Oracle\Java\javapath;C:\Python38\Scripts\;C:\Python38\;C:\Program Files (x86)\Intel\iCLS Client\;C:\Program Files\Intel\iCLS Client\;C:\Windows\system32;C:\Windows;C:\Windows\System32\Wbem;C:\Windows\System32\WindowsPowerShell\v1.0\;C:\Windows\System32\OpenSSH\;C:\Program Files (x86)\Intel\Intel(R) Management Engine Components\DAL;C:\Program Files\Intel\Intel(R) Management Engine Components\DAL;C:\Program Files (x86)\Intel\Intel(R) Management Engine Components\IPT;C:\Program Files\Intel\Intel(R) Management Engine Components\IPT;C:\Program Files\Dell\Dell Data Protection\Drivers\TSS\bin\;C:\Program Files\Intel\WiFi\bin\;C:\Program Files\Common Files\Intel\WirelessCommon\;C:\Program Files\Git\cmd;C:\ProgramData\chocolatey\bin;C:\Program Files\nodejs\;C:\apache-maven-3.6.3-bin\apache-maven-3.6.3\bin;C:\jdk-15.0.1\bin;C:\Program Files\MySQL\MySQL Shell 8.0\bin\;C:\Users\Gaba Wrona\AppData\Local\Microsoft\WindowsApps;C:\Program Files\JetBrains\IntelliJ IDEA Community Edition 2020.2.3\bin;C:\Program Files\Intel\WiFi\bin\;C:\Program Files\Common Files\Intel\WirelessCommon\;C:\Users\Gaba Wrona\AppData\Local\Programs\Microsoft VS Code\bin;C:\Users\Gaba Wrona\AppData\Local\atom\bin;C:\Users\Gaba Wrona\AppData\Roaming\npm
USERNAME=Gaba_Wrona
OS=Windows_NT
PROCESSOR_IDENTIFIER=Intel64 Family 6 Model 69 Stepping 1, GenuineIntel



---------------  S Y S T E M  ---------------

OS: Windows 10 , 64 bit Build 18362 (10.0.18362.1500)
OS uptime: 12 days 16:41 hours

CPU:total 4 (initial active 4) (2 cores per cpu, 2 threads per core) family 6 model 69 stepping 1 microcode 0x26, cmov, cx8, fxsr, mmx, sse, sse2, sse3, ssse3, sse4.1, sse4.2, popcnt, avx, avx2, aes, clmul, erms, lzcnt, ht, tsc, tscinvbit, bmi1, bmi2, fma

Memory: 4k page, system-wide physical 16289M (782M free)
TotalPageFile size 31046M (AvailPageFile size 75M)
current process WorkingSet (physical memory assigned to process): 9M, peak: 9M
current process commit charge ("private bytes"): 51M, peak: 179M

vm_info: Dynamic Code Evolution 64-Bit Server VM (11.0.10+9-b1341.35) for windows-amd64 JRE (11.0.10+9-b1341.35), built on Mar 31 2021 02:11:12 by "" with MS VC++ 14.0 (VS2015)

END.
